2018-10-20 15:32:08.436 [JavaFX Application Thread] INFO  DatabaseConfig.java->getConnection, line69: using connection url:jdbc:mysql://rm-2zeh0kd9y531l103yo.mysql.rds.aliyuncs.com:3306/byh-service-hospital-db?useUnicode=true&useSSL=false&characterEncoding=utf8
2018-10-20 15:32:15.127 [JavaFX Application Thread] INFO  DatabaseConfig.java->getConnection, line69: using connection url:jdbc:mysql://rm-2zeh0kd9y531l103yo.mysql.rds.aliyuncs.com:3306/byh-service-hospital-db?useUnicode=true&useSSL=false&characterEncoding=utf8
2018-10-20 15:39:20.181 [JavaFX Application Thread] INFO  MBGRunner.java->initPluginConfigs, line236: 配置:projectDir,值：/Users/mac/Documents/develop/createcode,,plugin:com.spawpaw.mybatis.generator.gui.plugin.SCVXGeneratorPlugin   key:
2018-10-20 15:39:20.182 [JavaFX Application Thread] INFO  MBGRunner.java->initPluginConfigs, line236: 配置:basePackage,值：com.ebaiyihui.servicehospital,,plugin:com.spawpaw.mybatis.generator.gui.plugin.SCVXGeneratorPlugin   key:
2018-10-20 15:39:20.182 [JavaFX Application Thread] INFO  MBGRunner.java->initPluginConfigs, line236: 配置:mapperDir,值：src/main/resources,,plugin:com.spawpaw.mybatis.generator.gui.plugin.SCVXGeneratorPlugin   key:
2018-10-20 15:39:20.182 [JavaFX Application Thread] INFO  MBGRunner.java->initPluginConfigs, line236: 配置:mapperPackage,值：mapper,,plugin:com.spawpaw.mybatis.generator.gui.plugin.SCVXGeneratorPlugin   key:
2018-10-20 15:39:20.183 [JavaFX Application Thread] INFO  MBGRunner.java->initPluginConfigs, line236: 配置:daoDir,值：src/main/java,,plugin:com.spawpaw.mybatis.generator.gui.plugin.SCVXGeneratorPlugin   key:
2018-10-20 15:39:20.183 [JavaFX Application Thread] INFO  MBGRunner.java->initPluginConfigs, line236: 配置:daoPackage,值：com.ebaiyihui.servicehospital.dao,,plugin:com.spawpaw.mybatis.generator.gui.plugin.SCVXGeneratorPlugin   key:
2018-10-20 15:39:20.183 [JavaFX Application Thread] INFO  MBGRunner.java->initPluginConfigs, line236: 配置:daoObjName,值：HospitalServiceInfoMapper,,plugin:com.spawpaw.mybatis.generator.gui.plugin.SCVXGeneratorPlugin   key:
2018-10-20 15:39:20.183 [JavaFX Application Thread] INFO  MBGRunner.java->initPluginConfigs, line236: 配置:logicalDeleteColumn,值：IS_DELETE,,plugin:com.itfsw.mybatis.generator.plugins.LogicalDeletePlugin   key:
2018-10-20 15:39:20.184 [JavaFX Application Thread] INFO  MBGRunner.java->initPluginConfigs, line236: 配置:logicalDeleteValue,值：1,,plugin:com.itfsw.mybatis.generator.plugins.LogicalDeletePlugin   key:
2018-10-20 15:39:20.184 [JavaFX Application Thread] INFO  MBGRunner.java->initPluginConfigs, line236: 配置:logicalUnDeleteValue,值：0,,plugin:com.itfsw.mybatis.generator.plugins.LogicalDeletePlugin   key:
2018-10-20 15:39:20.184 [JavaFX Application Thread] INFO  MBGRunner.java->initPluginConfigs, line236: 配置:logicalDeleteConstName,值：DELETED,,plugin:com.itfsw.mybatis.generator.plugins.LogicalDeletePlugin   key:
2018-10-20 15:39:20.185 [JavaFX Application Thread] INFO  MBGRunner.java->initPluginConfigs, line236: 配置:logicalUnDeleteConstName,值：NOT_DELETED,,plugin:com.itfsw.mybatis.generator.plugins.LogicalDeletePlugin   key:
2018-10-20 15:39:20.185 [JavaFX Application Thread] INFO  MBGRunner.java->initPluginConfigs, line236: 配置:entityDir,值：src/main/java,,plugin:com.spawpaw.mybatis.generator.gui.plugin.SCVXGeneratorPlugin   key:
2018-10-20 15:39:20.186 [JavaFX Application Thread] INFO  MBGRunner.java->initPluginConfigs, line236: 配置:entityPackage,值：com.ebaiyihui.servicehospital.model,,plugin:com.spawpaw.mybatis.generator.gui.plugin.SCVXGeneratorPlugin   key:
2018-10-20 15:39:20.186 [JavaFX Application Thread] INFO  MBGRunner.java->initPluginConfigs, line236: 配置:entityObjName,值：HospitalServiceInfoEntity,,plugin:com.spawpaw.mybatis.generator.gui.plugin.SCVXGeneratorPlugin   key:
2018-10-20 15:39:20.187 [JavaFX Application Thread] INFO  MBGRunner.java->initPluginConfigs, line236: 配置:exampleSearchString,值：[a-zA-Z0-9$]+$,,plugin:org.mybatis.generator.plugins.RenameExampleClassPlugin   key:searchString
2018-10-20 15:39:20.187 [JavaFX Application Thread] INFO  MBGRunner.java->initPluginConfigs, line236: 配置:exampleObjName,值：,,plugin:com.spawpaw.mybatis.generator.gui.plugin.SCVXGeneratorPlugin   key:
2018-10-20 15:39:20.188 [JavaFX Application Thread] INFO  MBGRunner.java->initPluginConfigs, line236: 配置:exampleObjName,值：,,plugin:org.mybatis.generator.plugins.RenameExampleClassPlugin   key:replaceString
2018-10-20 15:39:20.188 [JavaFX Application Thread] INFO  MBGRunner.java->initPluginConfigs, line236: 配置:primaryKey,值：,,plugin:com.spawpaw.mybatis.generator.gui.plugin.SCVXGeneratorPlugin   key:
2018-10-20 15:39:20.189 [JavaFX Application Thread] INFO  MBGRunner.java->initPluginConfigs, line236: 配置:enableVirtualPrimaryKeyPlugin,值：,,plugin:org.mybatis.generator.plugins.VirtualPrimaryKeyPlugin   key:virtualKeyColumns
2018-10-20 15:39:20.189 [JavaFX Application Thread] INFO  MBGRunner.java->initPluginConfigs, line236: 配置:generateJPA,值：false,,plugin:com.spawpaw.mybatis.generator.gui.plugin.CommentPlugin   key:
2018-10-20 15:39:20.189 [JavaFX Application Thread] INFO  MBGRunner.java->initPluginConfigs, line236: 配置:useToStringFromRoot,值：false,,plugin:org.mybatis.generator.plugins.ToStringPlugin   key:useToStringFromRoot
2018-10-20 15:39:20.190 [JavaFX Application Thread] INFO  MBGRunner.java->initPluginConfigs, line236: 配置:useEqualsHashCodeFromRoot,值：false,,plugin:org.mybatis.generator.plugins.EqualsHashCodePlugin   key:useEqualsHashCodeFromRoot
2018-10-20 15:39:20.190 [JavaFX Application Thread] INFO  MBGRunner.java->initPluginConfigs, line236: 配置:enableComment,值：true,,plugin:com.spawpaw.mybatis.generator.gui.plugin.CommentPlugin   key:
2018-10-20 15:39:20.191 [JavaFX Application Thread] INFO  MBGRunner.java->initPluginConfigs, line236: 配置:enableMbgGenerated,值：false,,plugin:com.spawpaw.mybatis.generator.gui.plugin.CommentPlugin   key:
2018-10-20 15:39:20.191 [JavaFX Application Thread] INFO  MBGRunner.java->initPluginConfigs, line236: 配置:enableCorrespondingTable,值：false,,plugin:com.spawpaw.mybatis.generator.gui.plugin.CommentPlugin   key:
2018-10-20 15:39:20.192 [JavaFX Application Thread] INFO  MBGRunner.java->initPluginConfigs, line236: 配置:fileHeader,值：/**
 * 医院服务管理
 * @Author:hanxin
 * @Date:2018/10/20 15:30
 * @Description
 */,,plugin:com.spawpaw.mybatis.generator.gui.plugin.CommentPlugin   key:
2018-10-20 15:39:20.192 [JavaFX Application Thread] INFO  MBGRunner.java->initPluginConfigs, line236: 配置:cache_eviction,值：,,plugin:org.mybatis.generator.plugins.CachePlugin   key:
2018-10-20 15:39:20.193 [JavaFX Application Thread] INFO  MBGRunner.java->initPluginConfigs, line236: 配置:cache_flushInterval,值：,,plugin:org.mybatis.generator.plugins.CachePlugin   key:
2018-10-20 15:39:20.193 [JavaFX Application Thread] INFO  MBGRunner.java->initPluginConfigs, line236: 配置:cache_readOnly,值：,,plugin:org.mybatis.generator.plugins.CachePlugin   key:
2018-10-20 15:39:20.193 [JavaFX Application Thread] INFO  MBGRunner.java->initPluginConfigs, line236: 配置:cache_size,值：,,plugin:org.mybatis.generator.plugins.CachePlugin   key:
2018-10-20 15:39:20.194 [JavaFX Application Thread] INFO  MBGRunner.java->initPluginConfigs, line236: 配置:cache_type,值：,,plugin:org.mybatis.generator.plugins.CachePlugin   key:
2018-10-20 15:39:20.194 [JavaFX Application Thread] INFO  MBGRunner.java->initPluginConfigs, line236: 配置:scvxConfigYml,值：# 每项配置有以下四个属性：
# template:    模板文件名
# destDir:     目标文件夹
# destPackage: 目标包
# destFileName:目标文件名
#
# 支持如下变量：
# ${basePackage}  在创建文件时该变量将替换为根包名
# ${entityName}   在创建文件时该变量将替换为实体名
templateConfig:

  # REST-ful Controller
  - template: java/restController.vm
    destDir: src/main/java
    destPackage: ${basePackage}.controller
    destFileName: ${entityName}RestController.java

  # 生成html表单
  - template: html/index.vm
    destDir: src/main/resources
    destPackage: templates
    destFileName: index.html

  # 生成html列表
  - template: html/list.vm
    destDir: src/main/resources
    destPackage: templates
    destFileName: list.html
,,plugin:com.spawpaw.mybatis.generator.gui.plugin.SCVXGeneratorPlugin   key:
2018-10-20 15:39:20.195 [JavaFX Application Thread] INFO  MBGRunner.java->addPlugins, line255: 启用插件：org.mybatis.generator.plugins.FluentBuilderMethodsPlugin
2018-10-20 15:39:20.197 [JavaFX Application Thread] INFO  MBGRunner.java->addPlugins, line255: 启用插件：org.mybatis.generator.plugins.SerializablePlugin
2018-10-20 15:40:47.744 [JavaFX Application Thread] INFO  MBGRunner.java->initPluginConfigs, line236: 配置:projectDir,值：/Users/mac/Documents/develop/createcode,,plugin:com.spawpaw.mybatis.generator.gui.plugin.SCVXGeneratorPlugin   key:
2018-10-20 15:40:47.747 [JavaFX Application Thread] INFO  MBGRunner.java->initPluginConfigs, line236: 配置:basePackage,值：com.ebaiyihui.servicehospital,,plugin:com.spawpaw.mybatis.generator.gui.plugin.SCVXGeneratorPlugin   key:
2018-10-20 15:40:47.748 [JavaFX Application Thread] INFO  MBGRunner.java->initPluginConfigs, line236: 配置:mapperDir,值：src/main/resources,,plugin:com.spawpaw.mybatis.generator.gui.plugin.SCVXGeneratorPlugin   key:
2018-10-20 15:40:47.748 [JavaFX Application Thread] INFO  MBGRunner.java->initPluginConfigs, line236: 配置:mapperPackage,值：mapper,,plugin:com.spawpaw.mybatis.generator.gui.plugin.SCVXGeneratorPlugin   key:
2018-10-20 15:40:47.748 [JavaFX Application Thread] INFO  MBGRunner.java->initPluginConfigs, line236: 配置:daoDir,值：src/main/java,,plugin:com.spawpaw.mybatis.generator.gui.plugin.SCVXGeneratorPlugin   key:
2018-10-20 15:40:47.748 [JavaFX Application Thread] INFO  MBGRunner.java->initPluginConfigs, line236: 配置:daoPackage,值：com.ebaiyihui.servicehospital.dao,,plugin:com.spawpaw.mybatis.generator.gui.plugin.SCVXGeneratorPlugin   key:
2018-10-20 15:40:47.749 [JavaFX Application Thread] INFO  MBGRunner.java->initPluginConfigs, line236: 配置:daoObjName,值：SystemServiceInfoMapper,,plugin:com.spawpaw.mybatis.generator.gui.plugin.SCVXGeneratorPlugin   key:
2018-10-20 15:40:47.749 [JavaFX Application Thread] INFO  MBGRunner.java->initPluginConfigs, line236: 配置:logicalDeleteColumn,值：IS_DELETE,,plugin:com.itfsw.mybatis.generator.plugins.LogicalDeletePlugin   key:
2018-10-20 15:40:47.749 [JavaFX Application Thread] INFO  MBGRunner.java->initPluginConfigs, line236: 配置:logicalDeleteValue,值：1,,plugin:com.itfsw.mybatis.generator.plugins.LogicalDeletePlugin   key:
2018-10-20 15:40:47.749 [JavaFX Application Thread] INFO  MBGRunner.java->initPluginConfigs, line236: 配置:logicalUnDeleteValue,值：0,,plugin:com.itfsw.mybatis.generator.plugins.LogicalDeletePlugin   key:
2018-10-20 15:40:47.749 [JavaFX Application Thread] INFO  MBGRunner.java->initPluginConfigs, line236: 配置:logicalDeleteConstName,值：DELETED,,plugin:com.itfsw.mybatis.generator.plugins.LogicalDeletePlugin   key:
2018-10-20 15:40:47.749 [JavaFX Application Thread] INFO  MBGRunner.java->initPluginConfigs, line236: 配置:logicalUnDeleteConstName,值：NOT_DELETED,,plugin:com.itfsw.mybatis.generator.plugins.LogicalDeletePlugin   key:
2018-10-20 15:40:47.750 [JavaFX Application Thread] INFO  MBGRunner.java->initPluginConfigs, line236: 配置:entityDir,值：src/main/java,,plugin:com.spawpaw.mybatis.generator.gui.plugin.SCVXGeneratorPlugin   key:
2018-10-20 15:40:47.750 [JavaFX Application Thread] INFO  MBGRunner.java->initPluginConfigs, line236: 配置:entityPackage,值：com.ebaiyihui.servicehospital.model,,plugin:com.spawpaw.mybatis.generator.gui.plugin.SCVXGeneratorPlugin   key:
2018-10-20 15:40:47.751 [JavaFX Application Thread] INFO  MBGRunner.java->initPluginConfigs, line236: 配置:entityObjName,值：SystemServiceInfo,,plugin:com.spawpaw.mybatis.generator.gui.plugin.SCVXGeneratorPlugin   key:
2018-10-20 15:40:47.751 [JavaFX Application Thread] INFO  MBGRunner.java->initPluginConfigs, line236: 配置:exampleSearchString,值：[a-zA-Z0-9$]+$,,plugin:org.mybatis.generator.plugins.RenameExampleClassPlugin   key:searchString
2018-10-20 15:40:47.752 [JavaFX Application Thread] INFO  MBGRunner.java->initPluginConfigs, line236: 配置:exampleObjName,值：SystemServiceInfoExample,,plugin:com.spawpaw.mybatis.generator.gui.plugin.SCVXGeneratorPlugin   key:
2018-10-20 15:40:47.752 [JavaFX Application Thread] INFO  MBGRunner.java->initPluginConfigs, line236: 配置:exampleObjName,值：SystemServiceInfoExample,,plugin:org.mybatis.generator.plugins.RenameExampleClassPlugin   key:replaceString
2018-10-20 15:40:47.752 [JavaFX Application Thread] INFO  MBGRunner.java->initPluginConfigs, line236: 配置:primaryKey,值：,,plugin:com.spawpaw.mybatis.generator.gui.plugin.SCVXGeneratorPlugin   key:
2018-10-20 15:40:47.752 [JavaFX Application Thread] INFO  MBGRunner.java->initPluginConfigs, line236: 配置:enableVirtualPrimaryKeyPlugin,值：,,plugin:org.mybatis.generator.plugins.VirtualPrimaryKeyPlugin   key:virtualKeyColumns
2018-10-20 15:40:47.752 [JavaFX Application Thread] INFO  MBGRunner.java->initPluginConfigs, line236: 配置:generateJPA,值：false,,plugin:com.spawpaw.mybatis.generator.gui.plugin.CommentPlugin   key:
2018-10-20 15:40:47.753 [JavaFX Application Thread] INFO  MBGRunner.java->initPluginConfigs, line236: 配置:useToStringFromRoot,值：false,,plugin:org.mybatis.generator.plugins.ToStringPlugin   key:useToStringFromRoot
2018-10-20 15:40:47.753 [JavaFX Application Thread] INFO  MBGRunner.java->initPluginConfigs, line236: 配置:useEqualsHashCodeFromRoot,值：false,,plugin:org.mybatis.generator.plugins.EqualsHashCodePlugin   key:useEqualsHashCodeFromRoot
2018-10-20 15:40:47.753 [JavaFX Application Thread] INFO  MBGRunner.java->initPluginConfigs, line236: 配置:enableComment,值：true,,plugin:com.spawpaw.mybatis.generator.gui.plugin.CommentPlugin   key:
2018-10-20 15:40:47.753 [JavaFX Application Thread] INFO  MBGRunner.java->initPluginConfigs, line236: 配置:enableMbgGenerated,值：false,,plugin:com.spawpaw.mybatis.generator.gui.plugin.CommentPlugin   key:
2018-10-20 15:40:47.754 [JavaFX Application Thread] INFO  MBGRunner.java->initPluginConfigs, line236: 配置:enableCorrespondingTable,值：false,,plugin:com.spawpaw.mybatis.generator.gui.plugin.CommentPlugin   key:
2018-10-20 15:40:47.754 [JavaFX Application Thread] INFO  MBGRunner.java->initPluginConfigs, line236: 配置:fileHeader,值：/**
 * 系统服务管理
 * @Author:hanxin
 * @Date:2018/10/20 15:30
 * @Description
 */,,plugin:com.spawpaw.mybatis.generator.gui.plugin.CommentPlugin   key:
2018-10-20 15:40:47.754 [JavaFX Application Thread] INFO  MBGRunner.java->initPluginConfigs, line236: 配置:cache_eviction,值：,,plugin:org.mybatis.generator.plugins.CachePlugin   key:
2018-10-20 15:40:47.755 [JavaFX Application Thread] INFO  MBGRunner.java->initPluginConfigs, line236: 配置:cache_flushInterval,值：,,plugin:org.mybatis.generator.plugins.CachePlugin   key:
2018-10-20 15:40:47.755 [JavaFX Application Thread] INFO  MBGRunner.java->initPluginConfigs, line236: 配置:cache_readOnly,值：,,plugin:org.mybatis.generator.plugins.CachePlugin   key:
2018-10-20 15:40:47.755 [JavaFX Application Thread] INFO  MBGRunner.java->initPluginConfigs, line236: 配置:cache_size,值：,,plugin:org.mybatis.generator.plugins.CachePlugin   key:
2018-10-20 15:40:47.755 [JavaFX Application Thread] INFO  MBGRunner.java->initPluginConfigs, line236: 配置:cache_type,值：,,plugin:org.mybatis.generator.plugins.CachePlugin   key:
2018-10-20 15:40:47.756 [JavaFX Application Thread] INFO  MBGRunner.java->initPluginConfigs, line236: 配置:scvxConfigYml,值：# 每项配置有以下四个属性：
# template:    模板文件名
# destDir:     目标文件夹
# destPackage: 目标包
# destFileName:目标文件名
#
# 支持如下变量：
# ${basePackage}  在创建文件时该变量将替换为根包名
# ${entityName}   在创建文件时该变量将替换为实体名
templateConfig:

  # REST-ful Controller
  - template: java/restController.vm
    destDir: src/main/java
    destPackage: ${basePackage}.controller
    destFileName: ${entityName}RestController.java

  # 生成html表单
  - template: html/index.vm
    destDir: src/main/resources
    destPackage: templates
    destFileName: index.html

  # 生成html列表
  - template: html/list.vm
    destDir: src/main/resources
    destPackage: templates
    destFileName: list.html
,,plugin:com.spawpaw.mybatis.generator.gui.plugin.SCVXGeneratorPlugin   key:
2018-10-20 15:40:47.756 [JavaFX Application Thread] INFO  MBGRunner.java->addPlugins, line255: 启用插件：org.mybatis.generator.plugins.FluentBuilderMethodsPlugin
2018-10-20 15:40:47.756 [JavaFX Application Thread] INFO  MBGRunner.java->addPlugins, line255: 启用插件：org.mybatis.generator.plugins.SerializablePlugin
2018-10-20 15:40:47.757 [JavaFX Application Thread] INFO  MBGRunner.java->addPlugins, line255: 启用插件：org.mybatis.generator.plugins.RenameExampleClassPlugin
2018-10-20 15:43:03.067 [JavaFX Application Thread] INFO  MBGRunner.java->initPluginConfigs, line236: 配置:projectDir,值：/Users/mac/Documents/develop/createcode,,plugin:com.spawpaw.mybatis.generator.gui.plugin.SCVXGeneratorPlugin   key:
2018-10-20 15:43:03.070 [JavaFX Application Thread] INFO  MBGRunner.java->initPluginConfigs, line236: 配置:basePackage,值：com.ebaiyihui.servicehospital,,plugin:com.spawpaw.mybatis.generator.gui.plugin.SCVXGeneratorPlugin   key:
2018-10-20 15:43:03.070 [JavaFX Application Thread] INFO  MBGRunner.java->initPluginConfigs, line236: 配置:mapperDir,值：src/main/resources,,plugin:com.spawpaw.mybatis.generator.gui.plugin.SCVXGeneratorPlugin   key:
2018-10-20 15:43:03.071 [JavaFX Application Thread] INFO  MBGRunner.java->initPluginConfigs, line236: 配置:mapperPackage,值：mapper,,plugin:com.spawpaw.mybatis.generator.gui.plugin.SCVXGeneratorPlugin   key:
2018-10-20 15:43:03.071 [JavaFX Application Thread] INFO  MBGRunner.java->initPluginConfigs, line236: 配置:daoDir,值：src/main/java,,plugin:com.spawpaw.mybatis.generator.gui.plugin.SCVXGeneratorPlugin   key:
2018-10-20 15:43:03.071 [JavaFX Application Thread] INFO  MBGRunner.java->initPluginConfigs, line236: 配置:daoPackage,值：com.ebaiyihui.servicehospital.dao,,plugin:com.spawpaw.mybatis.generator.gui.plugin.SCVXGeneratorPlugin   key:
2018-10-20 15:43:03.071 [JavaFX Application Thread] INFO  MBGRunner.java->initPluginConfigs, line236: 配置:daoObjName,值：SystemServiceInfoMapper,,plugin:com.spawpaw.mybatis.generator.gui.plugin.SCVXGeneratorPlugin   key:
2018-10-20 15:43:03.071 [JavaFX Application Thread] INFO  MBGRunner.java->initPluginConfigs, line236: 配置:logicalDeleteColumn,值：IS_DELETE,,plugin:com.itfsw.mybatis.generator.plugins.LogicalDeletePlugin   key:
2018-10-20 15:43:03.072 [JavaFX Application Thread] INFO  MBGRunner.java->initPluginConfigs, line236: 配置:logicalDeleteValue,值：1,,plugin:com.itfsw.mybatis.generator.plugins.LogicalDeletePlugin   key:
2018-10-20 15:43:03.072 [JavaFX Application Thread] INFO  MBGRunner.java->initPluginConfigs, line236: 配置:logicalUnDeleteValue,值：0,,plugin:com.itfsw.mybatis.generator.plugins.LogicalDeletePlugin   key:
2018-10-20 15:43:03.072 [JavaFX Application Thread] INFO  MBGRunner.java->initPluginConfigs, line236: 配置:logicalDeleteConstName,值：DELETED,,plugin:com.itfsw.mybatis.generator.plugins.LogicalDeletePlugin   key:
2018-10-20 15:43:03.072 [JavaFX Application Thread] INFO  MBGRunner.java->initPluginConfigs, line236: 配置:logicalUnDeleteConstName,值：NOT_DELETED,,plugin:com.itfsw.mybatis.generator.plugins.LogicalDeletePlugin   key:
2018-10-20 15:43:03.073 [JavaFX Application Thread] INFO  MBGRunner.java->initPluginConfigs, line236: 配置:entityDir,值：src/main/java,,plugin:com.spawpaw.mybatis.generator.gui.plugin.SCVXGeneratorPlugin   key:
2018-10-20 15:43:03.073 [JavaFX Application Thread] INFO  MBGRunner.java->initPluginConfigs, line236: 配置:entityPackage,值：com.ebaiyihui.servicehospital.model,,plugin:com.spawpaw.mybatis.generator.gui.plugin.SCVXGeneratorPlugin   key:
2018-10-20 15:43:03.074 [JavaFX Application Thread] INFO  MBGRunner.java->initPluginConfigs, line236: 配置:entityObjName,值：SystemServiceInfoEntiey,,plugin:com.spawpaw.mybatis.generator.gui.plugin.SCVXGeneratorPlugin   key:
2018-10-20 15:43:03.074 [JavaFX Application Thread] INFO  MBGRunner.java->initPluginConfigs, line236: 配置:exampleSearchString,值：[a-zA-Z0-9$]+$,,plugin:org.mybatis.generator.plugins.RenameExampleClassPlugin   key:searchString
2018-10-20 15:43:03.075 [JavaFX Application Thread] INFO  MBGRunner.java->initPluginConfigs, line236: 配置:exampleObjName,值：SystemServiceInfoExample,,plugin:com.spawpaw.mybatis.generator.gui.plugin.SCVXGeneratorPlugin   key:
2018-10-20 15:43:03.075 [JavaFX Application Thread] INFO  MBGRunner.java->initPluginConfigs, line236: 配置:exampleObjName,值：SystemServiceInfoExample,,plugin:org.mybatis.generator.plugins.RenameExampleClassPlugin   key:replaceString
2018-10-20 15:43:03.075 [JavaFX Application Thread] INFO  MBGRunner.java->initPluginConfigs, line236: 配置:primaryKey,值：,,plugin:com.spawpaw.mybatis.generator.gui.plugin.SCVXGeneratorPlugin   key:
2018-10-20 15:43:03.076 [JavaFX Application Thread] INFO  MBGRunner.java->initPluginConfigs, line236: 配置:enableVirtualPrimaryKeyPlugin,值：,,plugin:org.mybatis.generator.plugins.VirtualPrimaryKeyPlugin   key:virtualKeyColumns
2018-10-20 15:43:03.076 [JavaFX Application Thread] INFO  MBGRunner.java->initPluginConfigs, line236: 配置:generateJPA,值：false,,plugin:com.spawpaw.mybatis.generator.gui.plugin.CommentPlugin   key:
2018-10-20 15:43:03.076 [JavaFX Application Thread] INFO  MBGRunner.java->initPluginConfigs, line236: 配置:useToStringFromRoot,值：false,,plugin:org.mybatis.generator.plugins.ToStringPlugin   key:useToStringFromRoot
2018-10-20 15:43:03.077 [JavaFX Application Thread] INFO  MBGRunner.java->initPluginConfigs, line236: 配置:useEqualsHashCodeFromRoot,值：false,,plugin:org.mybatis.generator.plugins.EqualsHashCodePlugin   key:useEqualsHashCodeFromRoot
2018-10-20 15:43:03.077 [JavaFX Application Thread] INFO  MBGRunner.java->initPluginConfigs, line236: 配置:enableComment,值：true,,plugin:com.spawpaw.mybatis.generator.gui.plugin.CommentPlugin   key:
2018-10-20 15:43:03.077 [JavaFX Application Thread] INFO  MBGRunner.java->initPluginConfigs, line236: 配置:enableMbgGenerated,值：false,,plugin:com.spawpaw.mybatis.generator.gui.plugin.CommentPlugin   key:
2018-10-20 15:43:03.078 [JavaFX Application Thread] INFO  MBGRunner.java->initPluginConfigs, line236: 配置:enableCorrespondingTable,值：false,,plugin:com.spawpaw.mybatis.generator.gui.plugin.CommentPlugin   key:
2018-10-20 15:43:03.078 [JavaFX Application Thread] INFO  MBGRunner.java->initPluginConfigs, line236: 配置:fileHeader,值：/**
 * 系统服务管理
 * @Author:hanxin
 * @Date:2018/10/20 15:30
 * @Description
 */,,plugin:com.spawpaw.mybatis.generator.gui.plugin.CommentPlugin   key:
2018-10-20 15:43:03.078 [JavaFX Application Thread] INFO  MBGRunner.java->initPluginConfigs, line236: 配置:cache_eviction,值：,,plugin:org.mybatis.generator.plugins.CachePlugin   key:
2018-10-20 15:43:03.079 [JavaFX Application Thread] INFO  MBGRunner.java->initPluginConfigs, line236: 配置:cache_flushInterval,值：,,plugin:org.mybatis.generator.plugins.CachePlugin   key:
2018-10-20 15:43:03.079 [JavaFX Application Thread] INFO  MBGRunner.java->initPluginConfigs, line236: 配置:cache_readOnly,值：,,plugin:org.mybatis.generator.plugins.CachePlugin   key:
2018-10-20 15:43:03.079 [JavaFX Application Thread] INFO  MBGRunner.java->initPluginConfigs, line236: 配置:cache_size,值：,,plugin:org.mybatis.generator.plugins.CachePlugin   key:
2018-10-20 15:43:03.079 [JavaFX Application Thread] INFO  MBGRunner.java->initPluginConfigs, line236: 配置:cache_type,值：,,plugin:org.mybatis.generator.plugins.CachePlugin   key:
2018-10-20 15:43:03.080 [JavaFX Application Thread] INFO  MBGRunner.java->initPluginConfigs, line236: 配置:scvxConfigYml,值：# 每项配置有以下四个属性：
# template:    模板文件名
# destDir:     目标文件夹
# destPackage: 目标包
# destFileName:目标文件名
#
# 支持如下变量：
# ${basePackage}  在创建文件时该变量将替换为根包名
# ${entityName}   在创建文件时该变量将替换为实体名
templateConfig:

  # REST-ful Controller
  - template: java/restController.vm
    destDir: src/main/java
    destPackage: ${basePackage}.controller
    destFileName: ${entityName}RestController.java

  # 生成html表单
  - template: html/index.vm
    destDir: src/main/resources
    destPackage: templates
    destFileName: index.html

  # 生成html列表
  - template: html/list.vm
    destDir: src/main/resources
    destPackage: templates
    destFileName: list.html
,,plugin:com.spawpaw.mybatis.generator.gui.plugin.SCVXGeneratorPlugin   key:
2018-10-20 15:43:03.080 [JavaFX Application Thread] INFO  MBGRunner.java->addPlugins, line255: 启用插件：org.mybatis.generator.plugins.FluentBuilderMethodsPlugin
2018-10-20 15:43:03.081 [JavaFX Application Thread] INFO  MBGRunner.java->addPlugins, line255: 启用插件：org.mybatis.generator.plugins.SerializablePlugin
2018-10-20 15:43:03.083 [JavaFX Application Thread] INFO  MBGRunner.java->addPlugins, line255: 启用插件：org.mybatis.generator.plugins.RenameExampleClassPlugin
2018-10-20 17:11:29.163 [JavaFX Application Thread] INFO  DatabaseConfig.java->getConnection, line69: using connection url:jdbc:mysql://rm-2zeh0kd9y531l103yo.mysql.rds.aliyuncs.com:3306/byh-service-hospital-db?useUnicode=true&useSSL=false&characterEncoding=utf8
2018-10-20 17:14:49.589 [JavaFX Application Thread] INFO  MBGRunner.java->initPluginConfigs, line236: 配置:projectDir,值：/Users/mac/Documents/develop/createcode,,plugin:com.spawpaw.mybatis.generator.gui.plugin.SCVXGeneratorPlugin   key:
2018-10-20 17:14:49.591 [JavaFX Application Thread] INFO  MBGRunner.java->initPluginConfigs, line236: 配置:basePackage,值：com.ebaiyihui,,plugin:com.spawpaw.mybatis.generator.gui.plugin.SCVXGeneratorPlugin   key:
2018-10-20 17:14:49.591 [JavaFX Application Thread] INFO  MBGRunner.java->initPluginConfigs, line236: 配置:mapperDir,值：src/main/resources,,plugin:com.spawpaw.mybatis.generator.gui.plugin.SCVXGeneratorPlugin   key:
2018-10-20 17:14:49.592 [JavaFX Application Thread] INFO  MBGRunner.java->initPluginConfigs, line236: 配置:mapperPackage,值：mapper,,plugin:com.spawpaw.mybatis.generator.gui.plugin.SCVXGeneratorPlugin   key:
2018-10-20 17:14:49.592 [JavaFX Application Thread] INFO  MBGRunner.java->initPluginConfigs, line236: 配置:daoDir,值：src/main/java,,plugin:com.spawpaw.mybatis.generator.gui.plugin.SCVXGeneratorPlugin   key:
2018-10-20 17:14:49.592 [JavaFX Application Thread] INFO  MBGRunner.java->initPluginConfigs, line236: 配置:daoPackage,值：com.ebaiyihui.dao,,plugin:com.spawpaw.mybatis.generator.gui.plugin.SCVXGeneratorPlugin   key:
2018-10-20 17:14:49.592 [JavaFX Application Thread] INFO  MBGRunner.java->initPluginConfigs, line236: 配置:daoObjName,值：SystemServiceInfoMapper,,plugin:com.spawpaw.mybatis.generator.gui.plugin.SCVXGeneratorPlugin   key:
2018-10-20 17:14:49.593 [JavaFX Application Thread] INFO  MBGRunner.java->initPluginConfigs, line236: 配置:logicalDeleteColumn,值：IS_DELETE,,plugin:com.itfsw.mybatis.generator.plugins.LogicalDeletePlugin   key:
2018-10-20 17:14:49.593 [JavaFX Application Thread] INFO  MBGRunner.java->initPluginConfigs, line236: 配置:logicalDeleteValue,值：1,,plugin:com.itfsw.mybatis.generator.plugins.LogicalDeletePlugin   key:
2018-10-20 17:14:49.593 [JavaFX Application Thread] INFO  MBGRunner.java->initPluginConfigs, line236: 配置:logicalUnDeleteValue,值：0,,plugin:com.itfsw.mybatis.generator.plugins.LogicalDeletePlugin   key:
2018-10-20 17:14:49.593 [JavaFX Application Thread] INFO  MBGRunner.java->initPluginConfigs, line236: 配置:logicalDeleteConstName,值：DELETED,,plugin:com.itfsw.mybatis.generator.plugins.LogicalDeletePlugin   key:
2018-10-20 17:14:49.593 [JavaFX Application Thread] INFO  MBGRunner.java->initPluginConfigs, line236: 配置:logicalUnDeleteConstName,值：NOT_DELETED,,plugin:com.itfsw.mybatis.generator.plugins.LogicalDeletePlugin   key:
2018-10-20 17:14:49.594 [JavaFX Application Thread] INFO  MBGRunner.java->initPluginConfigs, line236: 配置:entityDir,值：src/main/java,,plugin:com.spawpaw.mybatis.generator.gui.plugin.SCVXGeneratorPlugin   key:
2018-10-20 17:14:49.594 [JavaFX Application Thread] INFO  MBGRunner.java->initPluginConfigs, line236: 配置:entityPackage,值：com.ebaiyihui.entity,,plugin:com.spawpaw.mybatis.generator.gui.plugin.SCVXGeneratorPlugin   key:
2018-10-20 17:14:49.594 [JavaFX Application Thread] INFO  MBGRunner.java->initPluginConfigs, line236: 配置:entityObjName,值：SystemServiceInfoEntity,,plugin:com.spawpaw.mybatis.generator.gui.plugin.SCVXGeneratorPlugin   key:
2018-10-20 17:14:49.594 [JavaFX Application Thread] INFO  MBGRunner.java->initPluginConfigs, line236: 配置:exampleSearchString,值：[a-zA-Z0-9$]+$,,plugin:org.mybatis.generator.plugins.RenameExampleClassPlugin   key:searchString
2018-10-20 17:14:49.594 [JavaFX Application Thread] INFO  MBGRunner.java->initPluginConfigs, line236: 配置:exampleObjName,值：,,plugin:com.spawpaw.mybatis.generator.gui.plugin.SCVXGeneratorPlugin   key:
2018-10-20 17:14:49.595 [JavaFX Application Thread] INFO  MBGRunner.java->initPluginConfigs, line236: 配置:exampleObjName,值：,,plugin:org.mybatis.generator.plugins.RenameExampleClassPlugin   key:replaceString
2018-10-20 17:14:49.595 [JavaFX Application Thread] INFO  MBGRunner.java->initPluginConfigs, line236: 配置:primaryKey,值：,,plugin:com.spawpaw.mybatis.generator.gui.plugin.SCVXGeneratorPlugin   key:
2018-10-20 17:14:49.595 [JavaFX Application Thread] INFO  MBGRunner.java->initPluginConfigs, line236: 配置:enableVirtualPrimaryKeyPlugin,值：,,plugin:org.mybatis.generator.plugins.VirtualPrimaryKeyPlugin   key:virtualKeyColumns
2018-10-20 17:14:49.595 [JavaFX Application Thread] INFO  MBGRunner.java->initPluginConfigs, line236: 配置:generateJPA,值：false,,plugin:com.spawpaw.mybatis.generator.gui.plugin.CommentPlugin   key:
2018-10-20 17:14:49.595 [JavaFX Application Thread] INFO  MBGRunner.java->initPluginConfigs, line236: 配置:useToStringFromRoot,值：false,,plugin:org.mybatis.generator.plugins.ToStringPlugin   key:useToStringFromRoot
2018-10-20 17:14:49.596 [JavaFX Application Thread] INFO  MBGRunner.java->initPluginConfigs, line236: 配置:useEqualsHashCodeFromRoot,值：false,,plugin:org.mybatis.generator.plugins.EqualsHashCodePlugin   key:useEqualsHashCodeFromRoot
2018-10-20 17:14:49.596 [JavaFX Application Thread] INFO  MBGRunner.java->initPluginConfigs, line236: 配置:enableComment,值：false,,plugin:com.spawpaw.mybatis.generator.gui.plugin.CommentPlugin   key:
2018-10-20 17:14:49.596 [JavaFX Application Thread] INFO  MBGRunner.java->initPluginConfigs, line236: 配置:enableMbgGenerated,值：false,,plugin:com.spawpaw.mybatis.generator.gui.plugin.CommentPlugin   key:
2018-10-20 17:14:49.596 [JavaFX Application Thread] INFO  MBGRunner.java->initPluginConfigs, line236: 配置:enableCorrespondingTable,值：false,,plugin:com.spawpaw.mybatis.generator.gui.plugin.CommentPlugin   key:
2018-10-20 17:14:49.596 [JavaFX Application Thread] INFO  MBGRunner.java->initPluginConfigs, line236: 配置:fileHeader,值：/**
 * 
 * @Author:hanxin
 * @Date:2018/10/20 14:07
 * @Description
 */,,plugin:com.spawpaw.mybatis.generator.gui.plugin.CommentPlugin   key:
2018-10-20 17:14:49.596 [JavaFX Application Thread] INFO  MBGRunner.java->initPluginConfigs, line236: 配置:cache_eviction,值：,,plugin:org.mybatis.generator.plugins.CachePlugin   key:
2018-10-20 17:14:49.597 [JavaFX Application Thread] INFO  MBGRunner.java->initPluginConfigs, line236: 配置:cache_flushInterval,值：,,plugin:org.mybatis.generator.plugins.CachePlugin   key:
2018-10-20 17:14:49.597 [JavaFX Application Thread] INFO  MBGRunner.java->initPluginConfigs, line236: 配置:cache_readOnly,值：,,plugin:org.mybatis.generator.plugins.CachePlugin   key:
2018-10-20 17:14:49.597 [JavaFX Application Thread] INFO  MBGRunner.java->initPluginConfigs, line236: 配置:cache_size,值：,,plugin:org.mybatis.generator.plugins.CachePlugin   key:
2018-10-20 17:14:49.597 [JavaFX Application Thread] INFO  MBGRunner.java->initPluginConfigs, line236: 配置:cache_type,值：,,plugin:org.mybatis.generator.plugins.CachePlugin   key:
2018-10-20 17:14:49.598 [JavaFX Application Thread] INFO  MBGRunner.java->initPluginConfigs, line236: 配置:scvxConfigYml,值：# 每项配置有以下四个属性：
# template:    模板文件名
# destDir:     目标文件夹
# destPackage: 目标包
# destFileName:目标文件名
#
# 支持如下变量：
# ${basePackage}  在创建文件时该变量将替换为根包名
# ${entityName}   在创建文件时该变量将替换为实体名
templateConfig:

  # REST-ful Controller
  - template: java/restController.vm
    destDir: src/main/java
    destPackage: ${basePackage}.controller
    destFileName: ${entityName}RestController.java

  # 生成html表单
  - template: html/index.vm
    destDir: src/main/resources
    destPackage: templates
    destFileName: index.html

  # 生成html列表
  - template: html/list.vm
    destDir: src/main/resources
    destPackage: templates
    destFileName: list.html
,,plugin:com.spawpaw.mybatis.generator.gui.plugin.SCVXGeneratorPlugin   key:
2018-10-20 17:17:52.471 [JavaFX Application Thread] INFO  DatabaseConfig.java->getConnection, line69: using connection url:jdbc:mysql://rm-2zeh0kd9y531l103yo.mysql.rds.aliyuncs.com:3306/byh-service-hospital-db?useUnicode=true&useSSL=false&characterEncoding=utf8
2018-10-20 17:19:15.776 [JavaFX Application Thread] INFO  MBGRunner.java->initPluginConfigs, line236: 配置:projectDir,值：/Users/mac/Documents/develop/createcode,,plugin:com.spawpaw.mybatis.generator.gui.plugin.SCVXGeneratorPlugin   key:
2018-10-20 17:19:15.782 [JavaFX Application Thread] INFO  MBGRunner.java->initPluginConfigs, line236: 配置:basePackage,值：com.ebaiyihui.servicehospital,,plugin:com.spawpaw.mybatis.generator.gui.plugin.SCVXGeneratorPlugin   key:
2018-10-20 17:19:15.783 [JavaFX Application Thread] INFO  MBGRunner.java->initPluginConfigs, line236: 配置:mapperDir,值：src/main/resources,,plugin:com.spawpaw.mybatis.generator.gui.plugin.SCVXGeneratorPlugin   key:
2018-10-20 17:19:15.784 [JavaFX Application Thread] INFO  MBGRunner.java->initPluginConfigs, line236: 配置:mapperPackage,值：mapper,,plugin:com.spawpaw.mybatis.generator.gui.plugin.SCVXGeneratorPlugin   key:
2018-10-20 17:19:15.784 [JavaFX Application Thread] INFO  MBGRunner.java->initPluginConfigs, line236: 配置:daoDir,值：src/main/java,,plugin:com.spawpaw.mybatis.generator.gui.plugin.SCVXGeneratorPlugin   key:
2018-10-20 17:19:15.784 [JavaFX Application Thread] INFO  MBGRunner.java->initPluginConfigs, line236: 配置:daoPackage,值：com.ebaiyihui.servicehospital.dao,,plugin:com.spawpaw.mybatis.generator.gui.plugin.SCVXGeneratorPlugin   key:
2018-10-20 17:19:15.785 [JavaFX Application Thread] INFO  MBGRunner.java->initPluginConfigs, line236: 配置:daoObjName,值：SystemServiceInfoMapper,,plugin:com.spawpaw.mybatis.generator.gui.plugin.SCVXGeneratorPlugin   key:
2018-10-20 17:19:15.785 [JavaFX Application Thread] INFO  MBGRunner.java->initPluginConfigs, line236: 配置:logicalDeleteColumn,值：IS_DELETE,,plugin:com.itfsw.mybatis.generator.plugins.LogicalDeletePlugin   key:
2018-10-20 17:19:15.786 [JavaFX Application Thread] INFO  MBGRunner.java->initPluginConfigs, line236: 配置:logicalDeleteValue,值：1,,plugin:com.itfsw.mybatis.generator.plugins.LogicalDeletePlugin   key:
2018-10-20 17:19:15.786 [JavaFX Application Thread] INFO  MBGRunner.java->initPluginConfigs, line236: 配置:logicalUnDeleteValue,值：0,,plugin:com.itfsw.mybatis.generator.plugins.LogicalDeletePlugin   key:
2018-10-20 17:19:15.786 [JavaFX Application Thread] INFO  MBGRunner.java->initPluginConfigs, line236: 配置:logicalDeleteConstName,值：DELETED,,plugin:com.itfsw.mybatis.generator.plugins.LogicalDeletePlugin   key:
2018-10-20 17:19:15.787 [JavaFX Application Thread] INFO  MBGRunner.java->initPluginConfigs, line236: 配置:logicalUnDeleteConstName,值：NOT_DELETED,,plugin:com.itfsw.mybatis.generator.plugins.LogicalDeletePlugin   key:
2018-10-20 17:19:15.787 [JavaFX Application Thread] INFO  MBGRunner.java->initPluginConfigs, line236: 配置:entityDir,值：src/main/java,,plugin:com.spawpaw.mybatis.generator.gui.plugin.SCVXGeneratorPlugin   key:
2018-10-20 17:19:15.787 [JavaFX Application Thread] INFO  MBGRunner.java->initPluginConfigs, line236: 配置:entityPackage,值：com.ebaiyihui.servicehospital.entity,,plugin:com.spawpaw.mybatis.generator.gui.plugin.SCVXGeneratorPlugin   key:
2018-10-20 17:19:15.788 [JavaFX Application Thread] INFO  MBGRunner.java->initPluginConfigs, line236: 配置:entityObjName,值：SystemServiceInfoEntity,,plugin:com.spawpaw.mybatis.generator.gui.plugin.SCVXGeneratorPlugin   key:
2018-10-20 17:19:15.788 [JavaFX Application Thread] INFO  MBGRunner.java->initPluginConfigs, line236: 配置:exampleSearchString,值：[a-zA-Z0-9$]+$,,plugin:org.mybatis.generator.plugins.RenameExampleClassPlugin   key:searchString
2018-10-20 17:19:15.789 [JavaFX Application Thread] INFO  MBGRunner.java->initPluginConfigs, line236: 配置:exampleObjName,值：,,plugin:com.spawpaw.mybatis.generator.gui.plugin.SCVXGeneratorPlugin   key:
2018-10-20 17:19:15.789 [JavaFX Application Thread] INFO  MBGRunner.java->initPluginConfigs, line236: 配置:exampleObjName,值：,,plugin:org.mybatis.generator.plugins.RenameExampleClassPlugin   key:replaceString
2018-10-20 17:19:15.790 [JavaFX Application Thread] INFO  MBGRunner.java->initPluginConfigs, line236: 配置:primaryKey,值：,,plugin:com.spawpaw.mybatis.generator.gui.plugin.SCVXGeneratorPlugin   key:
2018-10-20 17:19:15.790 [JavaFX Application Thread] INFO  MBGRunner.java->initPluginConfigs, line236: 配置:enableVirtualPrimaryKeyPlugin,值：,,plugin:org.mybatis.generator.plugins.VirtualPrimaryKeyPlugin   key:virtualKeyColumns
2018-10-20 17:19:15.790 [JavaFX Application Thread] INFO  MBGRunner.java->initPluginConfigs, line236: 配置:generateJPA,值：false,,plugin:com.spawpaw.mybatis.generator.gui.plugin.CommentPlugin   key:
2018-10-20 17:19:15.791 [JavaFX Application Thread] INFO  MBGRunner.java->initPluginConfigs, line236: 配置:useToStringFromRoot,值：false,,plugin:org.mybatis.generator.plugins.ToStringPlugin   key:useToStringFromRoot
2018-10-20 17:19:15.791 [JavaFX Application Thread] INFO  MBGRunner.java->initPluginConfigs, line236: 配置:useEqualsHashCodeFromRoot,值：false,,plugin:org.mybatis.generator.plugins.EqualsHashCodePlugin   key:useEqualsHashCodeFromRoot
2018-10-20 17:19:15.792 [JavaFX Application Thread] INFO  MBGRunner.java->initPluginConfigs, line236: 配置:enableComment,值：false,,plugin:com.spawpaw.mybatis.generator.gui.plugin.CommentPlugin   key:
2018-10-20 17:19:15.793 [JavaFX Application Thread] INFO  MBGRunner.java->initPluginConfigs, line236: 配置:enableMbgGenerated,值：false,,plugin:com.spawpaw.mybatis.generator.gui.plugin.CommentPlugin   key:
2018-10-20 17:19:15.793 [JavaFX Application Thread] INFO  MBGRunner.java->initPluginConfigs, line236: 配置:enableCorrespondingTable,值：false,,plugin:com.spawpaw.mybatis.generator.gui.plugin.CommentPlugin   key:
2018-10-20 17:19:15.793 [JavaFX Application Thread] INFO  MBGRunner.java->initPluginConfigs, line236: 配置:fileHeader,值：/**
 * 
 * @Author:hanxin
 * @Date:2018/10/20 14:07
 * @Description
 */,,plugin:com.spawpaw.mybatis.generator.gui.plugin.CommentPlugin   key:
2018-10-20 17:19:15.793 [JavaFX Application Thread] INFO  MBGRunner.java->initPluginConfigs, line236: 配置:cache_eviction,值：,,plugin:org.mybatis.generator.plugins.CachePlugin   key:
2018-10-20 17:19:15.794 [JavaFX Application Thread] INFO  MBGRunner.java->initPluginConfigs, line236: 配置:cache_flushInterval,值：,,plugin:org.mybatis.generator.plugins.CachePlugin   key:
2018-10-20 17:19:15.794 [JavaFX Application Thread] INFO  MBGRunner.java->initPluginConfigs, line236: 配置:cache_readOnly,值：,,plugin:org.mybatis.generator.plugins.CachePlugin   key:
2018-10-20 17:19:15.794 [JavaFX Application Thread] INFO  MBGRunner.java->initPluginConfigs, line236: 配置:cache_size,值：,,plugin:org.mybatis.generator.plugins.CachePlugin   key:
2018-10-20 17:19:15.794 [JavaFX Application Thread] INFO  MBGRunner.java->initPluginConfigs, line236: 配置:cache_type,值：,,plugin:org.mybatis.generator.plugins.CachePlugin   key:
2018-10-20 17:19:15.795 [JavaFX Application Thread] INFO  MBGRunner.java->initPluginConfigs, line236: 配置:scvxConfigYml,值：# 每项配置有以下四个属性：
# template:    模板文件名
# destDir:     目标文件夹
# destPackage: 目标包
# destFileName:目标文件名
#
# 支持如下变量：
# ${basePackage}  在创建文件时该变量将替换为根包名
# ${entityName}   在创建文件时该变量将替换为实体名
templateConfig:

  # REST-ful Controller
  - template: java/restController.vm
    destDir: src/main/java
    destPackage: ${basePackage}.controller
    destFileName: ${entityName}RestController.java

  # 生成html表单
  - template: html/index.vm
    destDir: src/main/resources
    destPackage: templates
    destFileName: index.html

  # 生成html列表
  - template: html/list.vm
    destDir: src/main/resources
    destPackage: templates
    destFileName: list.html
,,plugin:com.spawpaw.mybatis.generator.gui.plugin.SCVXGeneratorPlugin   key:
2018-10-20 17:19:15.795 [JavaFX Application Thread] INFO  MBGRunner.java->addPlugins, line255: 启用插件：org.mybatis.generator.plugins.SerializablePlugin
